<?xml version="1.0" encoding="UTF-8" ?>
<testsuite tests="17" failures="0" name="com.tsguild.tropicalfishwebapp.dao.FishDaoImplTest" time="2.659" errors="0" skipped="0">
  <properties>
[...]
</properties>
  <testcase classname="com.tsguild.tropicalfishwebapp.dao.FishDaoImplTest" name="testAddMultipleFish" time="0.95"/>
  <testcase classname="com.tsguild.tropicalfishwebapp.dao.FishDaoImplTest" name="testFishCountOnUpdate" time="0.143"/>
  <testcase classname="com.tsguild.tropicalfishwebapp.dao.FishDaoImplTest" name="testAgainstEmptyDao" time="0.127"/>
  <testcase classname="com.tsguild.tropicalfishwebapp.dao.FishDaoImplTest" name="testAddFish" time="0.099"/>
  <testcase classname="com.tsguild.tropicalfishwebapp.dao.FishDaoImplTest" name="testAddSimilarFish" time="0.164"/>
  <testcase classname="com.tsguild.tropicalfishwebapp.dao.FishDaoImplTest" name="testAddAndRemoveFishTwice" time="0.081"/>
  <testcase classname="com.tsguild.tropicalfishwebapp.dao.FishDaoImplTest" name="testUpdateFish" time="0.071"/>
  <testcase classname="com.tsguild.tropicalfishwebapp.dao.FishDaoImplTest" name="testFishCountAfterRemoval" time="0.119"/>
  <testcase classname="com.tsguild.tropicalfishwebapp.dao.FishDaoImplTest" name="testFishAfterRemovalOfNonExistent" time="0.083"/>
  <testcase classname="com.tsguild.tropicalfishwebapp.dao.FishDaoImplTest" name="testAddAndRemoveFishMultipleTimes" time="0.172"/>
  <testcase classname="com.tsguild.tropicalfishwebapp.dao.FishDaoImplTest" name="testAddOneFish" time="0.054"/>
  <testcase classname="com.tsguild.tropicalfishwebapp.dao.FishDaoImplTest" name="testFishCountAfterTwiceRemoved" time="0.126"/>
  <testcase classname="com.tsguild.tropicalfishwebapp.dao.FishDaoImplTest" name="testAddAndRemoveOneFish" time="0.08"/>
  <testcase classname="com.tsguild.tropicalfishwebapp.dao.FishDaoImplTest" name="testFishCountOnAddition" time="0.075"/>
  <testcase classname="com.tsguild.tropicalfishwebapp.dao.FishDaoImplTest" name="testAddAndRemoveMultipleFish" time="0.088"/>
  <testcase classname="com.tsguild.tropicalfishwebapp.dao.FishDaoImplTest" name="testSearch" time="0.121"/>
  <testcase classname="com.tsguild.tropicalfishwebapp.dao.FishDaoImplTest" name="testUpdateMultipleFish" time="0.106"/>
</testsuite>